\BOOKMARK [1][-]{section.1}{\376\377\000P\000r\000o\000j\000e\000c\000t\000\040\0001}{}% 1
\BOOKMARK [2][-]{subsection.1.1}{\376\377\000C\000o\000m\000p\000u\000t\000a\000t\000i\000o\000n\000a\000l\000\040\000C\000o\000m\000p\000l\000e\000x\000i\000t\000y}{section.1}% 2
\BOOKMARK [2][-]{subsection.1.2}{\376\377\000I\000n\000c\000o\000r\000p\000o\000r\000a\000t\000i\000o\000n\000\040\000o\000f\000\040\000F\000o\000r\000m\000a\000t\000i\000v\000e\000\040\000F\000e\000e\000d\000b\000a\000c\000k}{section.1}% 3
\BOOKMARK [1][-]{section.2}{\376\377\000P\000r\000o\000j\000e\000c\000t\000\040\0002}{}% 4
\BOOKMARK [2][-]{subsection.2.1}{\376\377\000A\000l\000g\000o\000r\000i\000t\000h\000m\000s\000\040\000i\000n\000\040\000A\000D\000L}{section.2}% 5
\BOOKMARK [2][-]{subsection.2.2}{\376\377\000D\000a\000t\000a\000\040\000S\000t\000r\000u\000c\000t\000u\000r\000e\000s}{section.2}% 6
\BOOKMARK [2][-]{subsection.2.3}{\376\377\000S\000o\000f\000t\000w\000a\000r\000e\000\040\000a\000n\000d\000\040\000i\000t\000s\000\040\000P\000r\000e\000s\000e\000n\000t\000a\000t\000i\000o\000n\000,\000\040\000i\000n\000c\000l\000u\000d\000i\000n\000g\000\040\000t\000e\000s\000t\000i\000n\000g}{section.2}% 7
\BOOKMARK [2][-]{subsection.2.4}{\376\377\000D\000e\000s\000c\000r\000i\000p\000t\000i\000v\000e\000\040\000R\000e\000p\000o\000r\000t\000,\000\040\000i\000n\000c\000l\000u\000d\000i\000n\000g\000\040\000a\000r\000t\000e\000f\000a\000c\000t\000s}{section.2}% 8
\BOOKMARK [2][-]{subsection.2.5}{\376\377\000I\000n\000c\000o\000r\000p\000o\000r\000a\000t\000i\000o\000n\000\040\000o\000f\000\040\000f\000o\000r\000m\000a\000t\000i\000v\000e\000\040\000f\000e\000e\000d\000b\000a\000c\000k}{section.2}% 9
\BOOKMARK [1][-]{section.3}{\376\377\000P\000r\000o\000j\000e\000c\000t\000\040\0003}{}% 10
\BOOKMARK [2][-]{subsection.3.1}{\376\377\000A\000l\000g\000o\000r\000i\000t\000h\000m\000s\000\040\000i\000n\000\040\000A\000D\000L}{section.3}% 11
\BOOKMARK [2][-]{subsection.3.2}{\376\377\000D\000a\000t\000a\000\040\000S\000t\000r\000u\000c\000t\000u\000r\000e\000s}{section.3}% 12
\BOOKMARK [2][-]{subsection.3.3}{\376\377\000S\000o\000f\000t\000w\000a\000r\000e\000\040\000a\000n\000d\000\040\000i\000t\000s\000\040\000P\000r\000e\000s\000e\000n\000t\000a\000t\000i\000o\000n\000,\000\040\000i\000n\000c\000l\000u\000d\000i\000n\000g\000\040\000t\000e\000s\000t\000i\000n\000g}{section.3}% 13
\BOOKMARK [2][-]{subsection.3.4}{\376\377\000D\000e\000s\000c\000r\000i\000p\000t\000i\000v\000e\000\040\000R\000e\000p\000o\000r\000t\000,\000\040\000i\000n\000c\000l\000u\000d\000i\000n\000g\000\040\000a\000r\000t\000e\000f\000a\000c\000t\000s}{section.3}% 14
\BOOKMARK [3][-]{subsubsection.3.4.1}{\376\377\000T\000r\000a\000n\000s\000i\000t\000i\000o\000n\000i\000n\000g\000\040\000a\000l\000g\000o\000r\000i\000t\000h\000m\000s\000\040\000t\000o\000\040\000i\000m\000p\000l\000e\000m\000e\000n\000t\000a\000t\000i\000o\000n}{subsection.3.4}% 15
\BOOKMARK [2][-]{subsection.3.5}{\376\377\000I\000n\000c\000o\000r\000p\000o\000r\000a\000t\000i\000o\000n\000\040\000o\000f\000\040\000f\000o\000r\000m\000a\000t\000i\000v\000e\000\040\000f\000e\000e\000d\000b\000a\000c\000k}{section.3}% 16
\BOOKMARK [1][-]{section.4}{\376\377\000P\000r\000o\000j\000e\000c\000t\000\040\0004}{}% 17
\BOOKMARK [2][-]{subsection.4.1}{\376\377\000I\000n\000t\000r\000o\000d\000u\000c\000t\000i\000o\000n}{section.4}% 18
\BOOKMARK [3][-]{subsubsection.4.1.1}{\376\377\000W\000e\000i\000g\000h\000t\000s\000\040\000a\000n\000d\000\040\000L\000o\000a\000d\000\040\000P\000r\000o\000b\000l\000e\000m}{subsection.4.1}% 19
\BOOKMARK [3][-]{subsubsection.4.1.2}{\376\377\000T\000h\000e\000\040\000P\000r\000o\000b\000l\000e\000m\000\040\000P\000r\000o\000p\000o\000s\000e\000d\000\040\000S\000o\000l\000u\000t\000i\000o\000n\000\040\000a\000n\000d\000\040\000D\000a\000t\000a\000\040\000S\000t\000r\000u\000c\000t\000u\000r\000e}{subsection.4.1}% 20
\BOOKMARK [2][-]{subsection.4.2}{\376\377\000H\000e\000u\000r\000i\000s\000t\000i\000c\000\040\000O\000p\000t\000i\000m\000i\000s\000a\000t\000i\000o\000n}{section.4}% 21
\BOOKMARK [3][-]{subsubsection.4.2.1}{\376\377\000D\000e\000s\000i\000g\000n\000e\000d\000\040\000F\000i\000t\000n\000e\000s\000s\000\040\000F\000u\000n\000c\000t\000i\000o\000n}{subsection.4.2}% 22
\BOOKMARK [3][-]{subsubsection.4.2.2}{\376\377\000I\000n\000t\000r\000o\000d\000u\000c\000t\000i\000o\000n\000\040\000t\000o\000\040\000H\000i\000l\000l\000\040\000C\000l\000i\000m\000b\000i\000n\000g}{subsection.4.2}% 23
\BOOKMARK [3][-]{subsubsection.4.2.3}{\376\377\000S\000m\000a\000l\000l\000\040\000C\000h\000a\000n\000g\000e\000\040\000S\000t\000r\000a\000t\000e\000g\000y}{subsection.4.2}% 24
\BOOKMARK [2][-]{subsection.4.3}{\376\377\000I\000n\000c\000o\000r\000p\000o\000r\000a\000t\000i\000o\000n\000\040\000o\000f\000\040\000F\000o\000r\000m\000a\000t\000i\000v\000e\000\040\000F\000e\000e\000d\000b\000a\000c\000k}{section.4}% 25
\BOOKMARK [1][-]{section.5}{\376\377\000P\000r\000o\000j\000e\000c\000t\000\040\0005}{}% 26
\BOOKMARK [2][-]{subsection.5.1}{\376\377\000E\000x\000p\000e\000r\000i\000m\000e\000n\000t\000\040\000S\000t\000r\000a\000t\000e\000g\000y}{section.5}% 27
\BOOKMARK [2][-]{subsection.5.2}{\376\377\000E\000x\000p\000e\000r\000i\000m\000e\000n\000t\000\040\000R\000e\000s\000u\000l\000t\000s}{section.5}% 28
\BOOKMARK [2][-]{subsection.5.3}{\376\377\000D\000i\000s\000c\000u\000s\000s\000i\000o\000n}{section.5}% 29
\BOOKMARK [2][-]{subsection.5.4}{\376\377\000L\000a\000r\000g\000e\000s\000t\000\040\000D\000a\000t\000a\000s\000e\000t\000\040\000E\000x\000p\000e\000r\000i\000m\000e\000n\000t}{section.5}% 30
\BOOKMARK [3][-]{subsubsection.5.4.1}{\376\377\000D\000a\000t\000a\000s\000e\000t}{subsection.5.4}% 31
\BOOKMARK [3][-]{subsubsection.5.4.2}{\376\377\000R\000e\000s\000u\000l\000t\000s}{subsection.5.4}% 32
\BOOKMARK [3][-]{subsubsection.5.4.3}{\376\377\000D\000i\000s\000c\000u\000s\000s\000i\000o\000n}{subsection.5.4}% 33
\BOOKMARK [2][-]{subsection.5.5}{\376\377\000S\000o\000f\000t\000w\000a\000r\000e\000\040\000a\000n\000d\000\040\000i\000t\000s\000\040\000P\000r\000e\000s\000e\000n\000t\000a\000t\000i\000o\000n\000,\000\040\000i\000n\000c\000l\000u\000d\000i\000n\000g\000\040\000t\000e\000s\000t\000i\000n\000g}{section.5}% 34
\BOOKMARK [2][-]{subsection.5.6}{\376\377\000I\000n\000c\000o\000r\000p\000o\000r\000a\000t\000i\000o\000n\000\040\000o\000f\000\040\000F\000o\000r\000m\000a\000t\000i\000v\000e\000\040\000F\000e\000e\000d\000b\000a\000c\000k}{section.5}% 35
